<?xml version="1.0" encoding="UTF-8"?>
<testsuite xmlns:xsi="http://www.w3.org/2001/XMLSchema-instance" xsi:noNamespaceSchemaLocation="https://maven.apache.org/surefire/maven-surefire-plugin/xsd/surefire-test-report.xsd" name="com.idis.gestion.IdisGestionApplicationTests" time="9.254" tests="1" errors="0" skipped="0" failures="0">
  <properties>
[...]
</properties>
  <testcase name="contextLoads on contextLoads(com.idis.gestion.IdisGestionApplicationTests)" classname="com.idis.gestion.IdisGestionApplicationTests" time="0.041"/>
</testsuite>